<?xml version="1.0" encoding="UTF-8"?>
<!-- Generated by org.testng.reporters.JUnitReportReporter -->
<testsuite hostname="DESKTOP-P1M3VO3" failures="0" tests="6" name="org.flipkart.pom.test.FlipkartTests" time="147.849" errors="0" timestamp="2024-10-06T19:01:41 IST" skipped="1">
  <testcase classname="org.flipkart.pom.test.FlipkartTests" name="testflipkartDataDriven" time="43.995"/>
  <system-out/>
  <testcase classname="org.flipkart.pom.test.FlipkartTests" name="testSearchBarSuggestions" time="24.470"/>
  <system-out/>
  <testcase classname="org.flipkart.pom.test.FlipkartTests" name="testFiltersProductSearch" time="31.340"/>
  <system-out/>
  <testcase classname="org.flipkart.pom.test.FlipkartTests" name="testSearchForProduct" time="13.557"/>
  <system-out/>
  <testcase classname="org.flipkart.pom.test.FlipkartTests" name="testProductDetailAndAddToCart" time="34.487"/>
  <system-out/>
  <testcase classname="org.flipkart.pom.test.FlipkartTests" name="testloginPopUpClose">
    <skipped/>
  </testcase> <!-- testloginPopUpClose -->
  <system-out/>
</testsuite> <!-- org.flipkart.pom.test.FlipkartTests -->
